2023-06-25 17:24:32 Reading the dataset.........
2023-06-25 17:24:32 Read the dataset successfully.
2023-06-25 17:26:49 Replaced all ? into Null values.
2023-06-25 17:28:29 Droped column TBG and T3 for high missing values.
2023-06-25 17:34:24 Dropped outliers from TSH features.
2023-06-25 17:35:44 Encoded the categorical features.
2023-06-25 17:38:25 Imputation of trainind and testing missing values with KNNImputer initiated.....
2023-06-25 17:40:06 Imputation of trainind and testing missing values with KNNImputer initiated.....
2023-06-25 17:40:10 Successfully imputed the nissung values in train and test.
2023-06-25 17:44:04 Created training ,testing and validation dataset.
2023-06-25 17:45:37 Initiated imputation in vallidation dataset.
2023-06-25 17:45:37 Successfully imputed in validation dataset.
2023-06-25 17:48:09 Fixing imbalanced data initiated.....
2023-06-25 17:52:45 fixed imbalanced data in train dataset.
2023-06-25 17:52:45 fixed imbalanced data  in test dataset.
2023-06-25 17:52:45 fixed imbalanced data in validation dataset.
2023-06-25 17:56:23 saving training data......
2023-06-25 17:56:24 Successfully saved the testing data.
2023-06-25 17:56:33 saving the testing data.....
2023-06-25 17:56:33 Successfully saved the testing data.
2023-06-25 17:56:41 saving the validation data......
2023-06-25 17:56:42 Successfully saved the validation data.
