2023-06-25 18:22:19 Reading training dataset.........
2023-06-25 18:22:34 Reading training dataset.........
2023-06-25 18:22:34 Read the training data successfully.
2023-06-25 18:22:52 Reading testing dataset........
2023-06-25 18:22:52 Read the testing data successfully.
2023-06-25 18:23:13 Reading validation dataset........
2023-06-25 18:23:13 Read the validation data successfully.
2023-06-25 18:23:25 Creating the pipelines.....
2023-06-25 18:24:38 Pipelines created.
2023-06-25 18:24:54 Builiding an ANN model....
2023-06-25 18:25:02 ANN built and compiled.
2023-06-25 18:25:10 Fitting the pipelines and ANN
2023-06-25 18:25:24 All the pipelines fitted.
2023-06-25 18:25:49 ANN trained and validated
2023-06-25 18:26:08 Predicting on validation data
2023-06-25 18:26:10 Prediction done.
2023-06-25 18:26:28 Displaying the performance metrics of all the model.......
2023-06-25 18:26:28 Accuracy of Logistic_Regression 70.79
2023-06-25 18:26:28 Recall of Logistic_Regression 0.67
2023-06-25 18:26:28 ===================================================================
2023-06-25 18:26:28 Accuracy of KNN 74.3
2023-06-25 18:26:28 Recall of KNN 0.65
2023-06-25 18:26:28 ===================================================================
2023-06-25 18:26:28 Accuracy of SVC 72.45
2023-06-25 18:26:28 Recall of SVC 0.65
2023-06-25 18:26:28 ===================================================================
2023-06-25 18:26:28 Accuracy of xgboost 86.9
2023-06-25 18:26:28 Recall of xgboost 0.79
2023-06-25 18:26:28 ===================================================================
2023-06-25 18:26:28 Accuracy of decision_tree 82.2
2023-06-25 18:26:28 Recall of decision_tree 0.72
2023-06-25 18:26:28 ===================================================================
2023-06-25 18:26:28 Accuracy of Random_forest 85.38
2023-06-25 18:26:28 Recall of Random_forest 0.75
2023-06-25 18:26:28 Select the best performing model and Model Selection phase is completed.
