2023-06-25 18:05:11 Reading training dataset........
2023-06-25 18:05:11 Read the training data successfully.
2023-06-25 18:05:20 Reading testing dataset........
2023-06-25 18:05:37 Reading testing dataset........
2023-06-25 18:05:37 Read the testing data successfully.
2023-06-25 18:06:02 Reading validation dataset........
2023-06-25 18:06:02 Read the validation data successfully.
2023-06-25 18:11:09 Created pipelines for our models.
2023-06-25 18:12:52 Selected top 4 important features.
2023-06-25 18:13:37 Hyperparameter tuning intiated in Random Forest.......
2023-06-25 18:14:21 Random forest training started......
2023-06-25 18:14:27 {'random_forest__n_estimators': 70, 'random_forest__max_depth': 25}
2023-06-25 18:14:27 Random forest trained.
2023-06-25 18:14:45 Hyperparameter tuning intiated in XGBoost.......
2023-06-25 18:14:55 XGBoost training started.
2023-06-25 18:15:26 {'XGboost__n_estimators': 1000, 'XGboost__max_depth': 15, 'XGboost__learning_rate': 0.005, 'XGboost__colsample_bytree': 0.5}
2023-06-25 18:15:26 XGBoost trained.
2023-06-25 18:15:32 Successfully saved Random forest as pickle file.
2023-06-25 18:15:32 Successfully saved XGBoost as pickle file.
2023-06-25 18:15:32 Sucessfully executed!
2023-06-25 18:28:18 Random forest training started......
2023-06-25 18:28:36 {'random_forest__n_estimators': 200, 'random_forest__max_depth': 25}
2023-06-25 18:28:36 Random forest trained.
